e:\mfc\transqqmsgserver\transqqmsgserver\debug\transqqmsgserver.pch
e:\mfc\transqqmsgserver\transqqmsgserver\debug\vc140.pdb
e:\mfc\transqqmsgserver\transqqmsgserver\debug\vc140.idb
e:\mfc\transqqmsgserver\transqqmsgserver\debug\stdafx.obj
e:\mfc\transqqmsgserver\transqqmsgserver\debug\checktoolbar.obj
e:\mfc\transqqmsgserver\transqqmsgserver\debug\sendmsg.obj
e:\mfc\transqqmsgserver\transqqmsgserver\debug\transqqmsgserver.obj
e:\mfc\transqqmsgserver\transqqmsgserver\debug\transqqmsgserverdlg.obj
e:\mfc\transqqmsgserver\debug\transqqmsgserver.ilk
e:\mfc\transqqmsgserver\debug\transqqmsgserver.exe
e:\mfc\transqqmsgserver\debug\transqqmsgserver.pdb
e:\mfc\transqqmsgserver\transqqmsgserver\debug\transqqmsgserver.res
e:\mfc\transqqmsg\transqqmsgserver\transqqmsgserver\debug\checktoolbar.obj
e:\mfc\transqqmsg\transqqmsgserver\transqqmsgserver\debug\sendmsg.obj
e:\mfc\transqqmsg\transqqmsgserver\transqqmsgserver\debug\stdafx.obj
e:\mfc\transqqmsg\transqqmsgserver\transqqmsgserver\debug\transqqmsgserver.obj
e:\mfc\transqqmsg\transqqmsgserver\transqqmsgserver\debug\transqqmsgserverdlg.obj
e:\mfc\transqqmsg\transqqmsgserver\transqqmsgserver\debug\transqqmsgserver.res
e:\mfc\transqqmsg\transqqmsgserver\transqqmsgserver\debug\transqqmsgserver.pch
e:\mfc\transqqmsg\transqqmsgserver\transqqmsgserver\debug\vc140.idb
e:\mfc\transqqmsg\transqqmsgserver\transqqmsgserver\debug\vc140.pdb
e:\mfc\transqqmsg\transqqmsgserver\debug\transqqmsgserver.pdb
e:\mfc\transqqmsg\transqqmsgserver\debug\transqqmsgserver.exe
e:\mfc\transqqmsg\transqqmsgserver\debug\transqqmsgserver.ilk
e:\mfc\transqqmsg\transqqmsgserver\transqqmsgserver\debug\transqqmsgserver.tlog\cl.command.1.tlog
e:\mfc\transqqmsg\transqqmsgserver\transqqmsgserver\debug\transqqmsgserver.tlog\cl.read.1.tlog
e:\mfc\transqqmsg\transqqmsgserver\transqqmsgserver\debug\transqqmsgserver.tlog\cl.write.1.tlog
e:\mfc\transqqmsg\transqqmsgserver\transqqmsgserver\debug\transqqmsgserver.tlog\link.command.1.tlog
e:\mfc\transqqmsg\transqqmsgserver\transqqmsgserver\debug\transqqmsgserver.tlog\link.read.1.tlog
e:\mfc\transqqmsg\transqqmsgserver\transqqmsgserver\debug\transqqmsgserver.tlog\link.write.1.tlog
e:\mfc\transqqmsg\transqqmsgserver\transqqmsgserver\debug\transqqmsgserver.tlog\rc.command.1.tlog
e:\mfc\transqqmsg\transqqmsgserver\transqqmsgserver\debug\transqqmsgserver.tlog\rc.read.1.tlog
e:\mfc\transqqmsg\transqqmsgserver\transqqmsgserver\debug\transqqmsgserver.tlog\rc.write.1.tlog
